<?xml version="1.0" encoding="UTF-8"?>
<!-- Generated by org.testng.reporters.JUnitXMLReporter -->
<testsuite ignored="0" hostname="DESKTOP-8KP40EG" failures="0" tests="14" name="Surefire test" time="49.527" errors="0" timestamp="2024-08-30T21:59:54 IST">
  <testcase classname="testCases.TC_001_AccountRegistrationTest" name="verifyRegisterAnAccountWithMandatoryFields" time="1.459"/>
  <testcase classname="testCases.TC_001_AccountRegistrationTest" name="verifyRegisteringAccountWithAllTheFields" time="1.462"/>
  <testcase classname="testCases.TC_001_AccountRegistrationTest" name="verifyRegisteringAccountWithExistingEmailAddress" time="1.169"/>
  <testcase classname="testCases.TC_001_AccountRegistrationTest" name="verifyRegisteringAccountWithoutFillingAnyDetails" time="0.454"/>
  <testcase classname="testCases.TC_002_LoginPageTest" name="verifyLoginWithValidCredentials" time="1.17"/>
  <testcase classname="testCases.TC_002_LoginPageTest" name="verifyLoginWithValidCredentials" time="0.931"/>
  <testcase classname="testCases.TC_002_LoginPageTest" name="verifyLoginWithValidCredentials" time="0.784"/>
  <testcase classname="testCases.TC_002_LoginPageTest" name="veriifyLoginWithInValidCredentials" time="0.758"/>
  <testcase classname="testCases.TC_002_LoginPageTest" name="verifyInvalidEmailAddressValidPasswordCredentials" time="0.83"/>
  <testcase classname="testCases.TC_002_LoginPageTest" name="VerifyValidEmailAddressInvalidPassword" time="0.836"/>
  <testcase classname="testCases.TC_002_LoginPageTest" name="VerifyLoginWithoutProvidingCredentials" time="0.439"/>
  <testcase classname="testCases.TC_003_SearchTest" name="verifySearchWithValidProduct" time="0.549"/>
  <testcase classname="testCases.TC_003_SearchTest" name="VerifySearchWithInValidProduct" time="0.555"/>
  <testcase classname="testCases.TC_003_SearchTest" name="verifySearchWithoutAnyProduct" time="0.429"/>
</testsuite> <!-- Surefire test -->
