<?xml version="1.0" encoding="UTF-8"?>
<!-- Generated by org.testng.reporters.JUnitXMLReporter -->
<testsuite ignored="0" hostname="DESKTOP-8KP40EG" failures="0" tests="4" name="Default test" time="14.456" errors="0" timestamp="2024-08-30T21:02:44 IST">
  <testcase classname="testCases.TC_001_AccountRegistrationTest" name="verifyRegisterAnAccountWithMandatoryFields" time="1.35"/>
  <testcase classname="testCases.TC_001_AccountRegistrationTest" name="verifyRegisteringAccountWithAllTheFields" time="1.381"/>
  <testcase classname="testCases.TC_001_AccountRegistrationTest" name="verifyRegisteringAccountWithExistingEmailAddress" time="1.118"/>
  <testcase classname="testCases.TC_001_AccountRegistrationTest" name="verifyRegisteringAccountWithoutFillingAnyDetails" time="0.461"/>
</testsuite> <!-- Default test -->
