<?xml version="1.0" encoding="UTF-8"?>
<!-- Generated by org.testng.reporters.JUnitXMLReporter -->
<testsuite ignored="0" hostname="DESKTOP-8KP40EG" failures="0" tests="14" name="Test" time="75.435" errors="0" timestamp="2024-09-28T17:38:52 IST">
  <testcase classname="testCases.TC_003_SearchTest" name="verifySearchWithValidProduct" time="0.586"/>
  <testcase classname="testCases.TC_003_SearchTest" name="VerifySearchWithInValidProduct" time="0.597"/>
  <testcase classname="testCases.TC_003_SearchTest" name="verifySearchWithoutAnyProduct" time="0.453"/>
  <testcase classname="testCases.TC_001_AccountRegistrationTest" name="verifyRegisterAnAccountWithMandatoryFields" time="1.684"/>
  <testcase classname="testCases.TC_001_AccountRegistrationTest" name="verifyRegisteringAccountWithAllTheFields" time="1.816"/>
  <testcase classname="testCases.TC_001_AccountRegistrationTest" name="verifyRegisteringAccountWithExistingEmailAddress" time="1.489"/>
  <testcase classname="testCases.TC_001_AccountRegistrationTest" name="verifyRegisteringAccountWithoutFillingAnyDetails" time="0.519"/>
  <testcase classname="testCases.TC_002_LoginPageTest" name="verifyLoginWithValidCredentials" time="0.949"/>
  <testcase classname="testCases.TC_002_LoginPageTest" name="verifyLoginWithValidCredentials" time="0.798"/>
  <testcase classname="testCases.TC_002_LoginPageTest" name="verifyLoginWithValidCredentials" time="0.822"/>
  <testcase classname="testCases.TC_002_LoginPageTest" name="veriifyLoginWithInValidCredentials" time="0.76"/>
  <testcase classname="testCases.TC_002_LoginPageTest" name="verifyInvalidEmailAddressValidPasswordCredentials" time="0.723"/>
  <testcase classname="testCases.TC_002_LoginPageTest" name="VerifyValidEmailAddressInvalidPassword" time="0.68"/>
  <testcase classname="testCases.TC_002_LoginPageTest" name="VerifyLoginWithoutProvidingCredentials" time="0.483"/>
</testsuite> <!-- Test -->
