<?xml version="1.0" encoding="UTF-8"?>
<!-- Generated by org.testng.reporters.JUnitXMLReporter -->
<testsuite ignored="0" hostname="DESKTOP-8KP40EG" failures="0" tests="14" name="Test" time="41.301" errors="0" timestamp="2024-09-01T11:33:40 IST">
  <testcase classname="testCases.TC_003_SearchTest" name="verifySearchWithValidProduct" time="0.413"/>
  <testcase classname="testCases.TC_003_SearchTest" name="VerifySearchWithInValidProduct" time="0.518"/>
  <testcase classname="testCases.TC_003_SearchTest" name="verifySearchWithoutAnyProduct" time="0.439"/>
  <testcase classname="testCases.TC_001_AccountRegistrationTest" name="verifyRegisterAnAccountWithMandatoryFields" time="1.348"/>
  <testcase classname="testCases.TC_001_AccountRegistrationTest" name="verifyRegisteringAccountWithAllTheFields" time="1.344"/>
  <testcase classname="testCases.TC_001_AccountRegistrationTest" name="verifyRegisteringAccountWithExistingEmailAddress" time="1.14"/>
  <testcase classname="testCases.TC_001_AccountRegistrationTest" name="verifyRegisteringAccountWithoutFillingAnyDetails" time="0.454"/>
  <testcase classname="testCases.TC_002_LoginPageTest" name="verifyLoginWithValidCredentials" time="0.757"/>
  <testcase classname="testCases.TC_002_LoginPageTest" name="verifyLoginWithValidCredentials" time="0.753"/>
  <testcase classname="testCases.TC_002_LoginPageTest" name="verifyLoginWithValidCredentials" time="0.764"/>
  <testcase classname="testCases.TC_002_LoginPageTest" name="veriifyLoginWithInValidCredentials" time="0.739"/>
  <testcase classname="testCases.TC_002_LoginPageTest" name="verifyInvalidEmailAddressValidPasswordCredentials" time="0.721"/>
  <testcase classname="testCases.TC_002_LoginPageTest" name="VerifyValidEmailAddressInvalidPassword" time="0.652"/>
  <testcase classname="testCases.TC_002_LoginPageTest" name="VerifyLoginWithoutProvidingCredentials" time="0.456"/>
</testsuite> <!-- Test -->
