<?xml version="1.0" encoding="UTF-8"?>
<testsuite xmlns:xsi="http://www.w3.org/2001/XMLSchema-instance" xsi:noNamespaceSchemaLocation="https://maven.apache.org/surefire/maven-surefire-plugin/xsd/surefire-test-report.xsd" version="3.0.2" name="TestSuite" time="42.973" tests="14" errors="0" skipped="0" failures="0">
  <properties>
[...]
</properties>
  <testcase name="verifySearchWithValidProduct" classname="testCases.TC_003_SearchTest" time="0.413">
    <system-err><![CDATA[Sept 01, 2024 11:33:00 AM org.openqa.selenium.devtools.CdpVersionFinder findNearestMatch
WARNING: Unable to find an exact match for CDP version 128, returning the closest version; found: 126; Please update to a Selenium version that supports CDP version 128
]]></system-err>
  </testcase>
  <testcase name="VerifySearchWithInValidProduct" classname="testCases.TC_003_SearchTest" time="0.52">
    <system-err><![CDATA[Sept 01, 2024 11:33:02 AM org.openqa.selenium.devtools.CdpVersionFinder findNearestMatch
WARNING: Unable to find an exact match for CDP version 128, returning the closest version; found: 126; Please update to a Selenium version that supports CDP version 128
]]></system-err>
  </testcase>
  <testcase name="verifySearchWithoutAnyProduct" classname="testCases.TC_003_SearchTest" time="0.44">
    <system-err><![CDATA[Sept 01, 2024 11:33:04 AM org.openqa.selenium.devtools.CdpVersionFinder findNearestMatch
WARNING: Unable to find an exact match for CDP version 128, returning the closest version; found: 126; Please update to a Selenium version that supports CDP version 128
]]></system-err>
  </testcase>
  <testcase name="verifyRegisterAnAccountWithMandatoryFields" classname="testCases.TC_001_AccountRegistrationTest" time="1.346">
    <system-err><![CDATA[Sept 01, 2024 11:33:07 AM org.openqa.selenium.devtools.CdpVersionFinder findNearestMatch
WARNING: Unable to find an exact match for CDP version 128, returning the closest version; found: 126; Please update to a Selenium version that supports CDP version 128
]]></system-err>
  </testcase>
  <testcase name="verifyRegisteringAccountWithAllTheFields" classname="testCases.TC_001_AccountRegistrationTest" time="1.345">
    <system-err><![CDATA[Sept 01, 2024 11:33:10 AM org.openqa.selenium.devtools.CdpVersionFinder findNearestMatch
WARNING: Unable to find an exact match for CDP version 128, returning the closest version; found: 126; Please update to a Selenium version that supports CDP version 128
]]></system-err>
  </testcase>
  <testcase name="verifyRegisteringAccountWithExistingEmailAddress" classname="testCases.TC_001_AccountRegistrationTest" time="1.141">
    <system-err><![CDATA[Sept 01, 2024 11:33:14 AM org.openqa.selenium.devtools.CdpVersionFinder findNearestMatch
WARNING: Unable to find an exact match for CDP version 128, returning the closest version; found: 126; Please update to a Selenium version that supports CDP version 128
]]></system-err>
  </testcase>
  <testcase name="verifyRegisteringAccountWithoutFillingAnyDetails" classname="testCases.TC_001_AccountRegistrationTest" time="0.455">
    <system-err><![CDATA[Sept 01, 2024 11:33:17 AM org.openqa.selenium.devtools.CdpVersionFinder findNearestMatch
WARNING: Unable to find an exact match for CDP version 128, returning the closest version; found: 126; Please update to a Selenium version that supports CDP version 128
]]></system-err>
  </testcase>
  <testcase name="verifyLoginWithValidCredentials[kalyanshaan@gmail.com, 12345](1)" classname="testCases.TC_002_LoginPageTest" time="0.756">
    <system-err><![CDATA[Sept 01, 2024 11:33:20 AM org.openqa.selenium.devtools.CdpVersionFinder findNearestMatch
WARNING: Unable to find an exact match for CDP version 128, returning the closest version; found: 126; Please update to a Selenium version that supports CDP version 128
]]></system-err>
  </testcase>
  <testcase name="verifyLoginWithValidCredentials[kalyanadmin@gmail.com, 12345](2)" classname="testCases.TC_002_LoginPageTest" time="0.753">
    <system-err><![CDATA[Sept 01, 2024 11:33:23 AM org.openqa.selenium.devtools.CdpVersionFinder findNearestMatch
WARNING: Unable to find an exact match for CDP version 128, returning the closest version; found: 126; Please update to a Selenium version that supports CDP version 128
]]></system-err>
  </testcase>
  <testcase name="verifyLoginWithValidCredentials[shashankadmin@gmail.com, 12345](3)" classname="testCases.TC_002_LoginPageTest" time="0.765">
    <system-err><![CDATA[Sept 01, 2024 11:33:26 AM org.openqa.selenium.devtools.CdpVersionFinder findNearestMatch
WARNING: Unable to find an exact match for CDP version 128, returning the closest version; found: 126; Please update to a Selenium version that supports CDP version 128
]]></system-err>
  </testcase>
  <testcase name="veriifyLoginWithInValidCredentials" classname="testCases.TC_002_LoginPageTest" time="0.74">
    <system-err><![CDATA[Sept 01, 2024 11:33:29 AM org.openqa.selenium.devtools.CdpVersionFinder findNearestMatch
WARNING: Unable to find an exact match for CDP version 128, returning the closest version; found: 126; Please update to a Selenium version that supports CDP version 128
]]></system-err>
  </testcase>
  <testcase name="verifyInvalidEmailAddressValidPasswordCredentials" classname="testCases.TC_002_LoginPageTest" time="0.722">
    <system-err><![CDATA[Sept 01, 2024 11:33:32 AM org.openqa.selenium.devtools.CdpVersionFinder findNearestMatch
WARNING: Unable to find an exact match for CDP version 128, returning the closest version; found: 126; Please update to a Selenium version that supports CDP version 128
]]></system-err>
  </testcase>
  <testcase name="VerifyValidEmailAddressInvalidPassword" classname="testCases.TC_002_LoginPageTest" time="0.653">
    <system-err><![CDATA[Sept 01, 2024 11:33:35 AM org.openqa.selenium.devtools.CdpVersionFinder findNearestMatch
WARNING: Unable to find an exact match for CDP version 128, returning the closest version; found: 126; Please update to a Selenium version that supports CDP version 128
]]></system-err>
  </testcase>
  <testcase name="VerifyLoginWithoutProvidingCredentials" classname="testCases.TC_002_LoginPageTest" time="0.457">
    <system-err><![CDATA[Sept 01, 2024 11:33:38 AM org.openqa.selenium.devtools.CdpVersionFinder findNearestMatch
WARNING: Unable to find an exact match for CDP version 128, returning the closest version; found: 126; Please update to a Selenium version that supports CDP version 128
]]></system-err>
  </testcase>
</testsuite>