<?xml version="1.0" encoding="UTF-8"?>
<testng-results ignored="0" total="14" passed="14" failed="0" skipped="0">
  <reporter-output>
  </reporter-output>
  <suite started-at="2024-09-01T11:32:58 IST" name="Suite" finished-at="2024-09-01T11:33:39 IST" duration-ms="41301">
    <groups>
    </groups>
    <test started-at="2024-09-01T11:32:58 IST" name="Test" finished-at="2024-09-01T11:33:39 IST" duration-ms="41301">
      <class name="testCases.TC_001_AccountRegistrationTest">
        <test-method is-config="true" signature="setup()[pri:0, instance:testCases.TC_001_AccountRegistrationTest@1921ad94]" started-at="2024-09-01T11:33:06 IST" name="setup" finished-at="2024-09-01T11:33:08 IST" duration-ms="2084" status="PASS">
          <reporter-output>
          </reporter-output>
        </test-method> <!-- setup -->
        <test-method signature="verifyRegisterAnAccountWithMandatoryFields()[pri:1, instance:testCases.TC_001_AccountRegistrationTest@1921ad94]" started-at="2024-09-01T11:33:08 IST" name="verifyRegisterAnAccountWithMandatoryFields" finished-at="2024-09-01T11:33:09 IST" duration-ms="1348" status="PASS">
          <reporter-output>
          </reporter-output>
        </test-method> <!-- verifyRegisterAnAccountWithMandatoryFields -->
        <test-method is-config="true" signature="teardown()[pri:0, instance:testCases.TC_001_AccountRegistrationTest@1921ad94]" started-at="2024-09-01T11:33:09 IST" name="teardown" finished-at="2024-09-01T11:33:09 IST" duration-ms="132" status="PASS">
          <reporter-output>
          </reporter-output>
        </test-method> <!-- teardown -->
        <test-method is-config="true" signature="setup()[pri:0, instance:testCases.TC_001_AccountRegistrationTest@1921ad94]" started-at="2024-09-01T11:33:09 IST" name="setup" finished-at="2024-09-01T11:33:11 IST" duration-ms="2058" status="PASS">
          <reporter-output>
          </reporter-output>
        </test-method> <!-- setup -->
        <test-method signature="verifyRegisteringAccountWithAllTheFields()[pri:2, instance:testCases.TC_001_AccountRegistrationTest@1921ad94]" started-at="2024-09-01T11:33:11 IST" name="verifyRegisteringAccountWithAllTheFields" finished-at="2024-09-01T11:33:13 IST" duration-ms="1344" status="PASS">
          <reporter-output>
          </reporter-output>
        </test-method> <!-- verifyRegisteringAccountWithAllTheFields -->
        <test-method is-config="true" signature="teardown()[pri:0, instance:testCases.TC_001_AccountRegistrationTest@1921ad94]" started-at="2024-09-01T11:33:13 IST" name="teardown" finished-at="2024-09-01T11:33:13 IST" duration-ms="138" status="PASS">
          <reporter-output>
          </reporter-output>
        </test-method> <!-- teardown -->
        <test-method is-config="true" signature="setup()[pri:0, instance:testCases.TC_001_AccountRegistrationTest@1921ad94]" started-at="2024-09-01T11:33:13 IST" name="setup" finished-at="2024-09-01T11:33:15 IST" duration-ms="2129" status="PASS">
          <reporter-output>
          </reporter-output>
        </test-method> <!-- setup -->
        <test-method signature="verifyRegisteringAccountWithExistingEmailAddress()[pri:3, instance:testCases.TC_001_AccountRegistrationTest@1921ad94]" started-at="2024-09-01T11:33:15 IST" name="verifyRegisteringAccountWithExistingEmailAddress" finished-at="2024-09-01T11:33:16 IST" duration-ms="1140" status="PASS">
          <reporter-output>
          </reporter-output>
        </test-method> <!-- verifyRegisteringAccountWithExistingEmailAddress -->
        <test-method is-config="true" signature="teardown()[pri:0, instance:testCases.TC_001_AccountRegistrationTest@1921ad94]" started-at="2024-09-01T11:33:16 IST" name="teardown" finished-at="2024-09-01T11:33:16 IST" duration-ms="136" status="PASS">
          <reporter-output>
          </reporter-output>
        </test-method> <!-- teardown -->
        <test-method is-config="true" signature="setup()[pri:0, instance:testCases.TC_001_AccountRegistrationTest@1921ad94]" started-at="2024-09-01T11:33:16 IST" name="setup" finished-at="2024-09-01T11:33:18 IST" duration-ms="2077" status="PASS">
          <reporter-output>
          </reporter-output>
        </test-method> <!-- setup -->
        <test-method signature="verifyRegisteringAccountWithoutFillingAnyDetails()[pri:4, instance:testCases.TC_001_AccountRegistrationTest@1921ad94]" started-at="2024-09-01T11:33:18 IST" name="verifyRegisteringAccountWithoutFillingAnyDetails" finished-at="2024-09-01T11:33:19 IST" duration-ms="454" status="PASS">
          <reporter-output>
          </reporter-output>
        </test-method> <!-- verifyRegisteringAccountWithoutFillingAnyDetails -->
        <test-method is-config="true" signature="teardown()[pri:0, instance:testCases.TC_001_AccountRegistrationTest@1921ad94]" started-at="2024-09-01T11:33:19 IST" name="teardown" finished-at="2024-09-01T11:33:19 IST" duration-ms="136" status="PASS">
          <reporter-output>
          </reporter-output>
        </test-method> <!-- teardown -->
      </class> <!-- testCases.TC_001_AccountRegistrationTest -->
      <class name="testCases.TC_002_LoginPageTest">
        <test-method is-config="true" signature="setup()[pri:0, instance:testCases.TC_002_LoginPageTest@ee86bcb]" started-at="2024-09-01T11:33:19 IST" name="setup" finished-at="2024-09-01T11:33:22 IST" duration-ms="2045" status="PASS">
          <reporter-output>
          </reporter-output>
        </test-method> <!-- setup -->
        <test-method signature="verifyLoginWithValidCredentials(java.lang.String,java.lang.String)[pri:1, instance:testCases.TC_002_LoginPageTest@ee86bcb]" started-at="2024-09-01T11:33:22 IST" name="verifyLoginWithValidCredentials" data-provider="supplyTestData" finished-at="2024-09-01T11:33:22 IST" duration-ms="757" status="PASS">
          <params>
            <param index="0">
              <value>
                <![CDATA[kalyanshaan@gmail.com]]>
              </value>
            </param>
            <param index="1">
              <value>
                <![CDATA[12345]]>
              </value>
            </param>
          </params>
          <reporter-output>
          </reporter-output>
        </test-method> <!-- verifyLoginWithValidCredentials -->
        <test-method is-config="true" signature="teardown()[pri:0, instance:testCases.TC_002_LoginPageTest@ee86bcb]" started-at="2024-09-01T11:33:22 IST" name="teardown" finished-at="2024-09-01T11:33:22 IST" duration-ms="147" status="PASS">
          <reporter-output>
          </reporter-output>
        </test-method> <!-- teardown -->
        <test-method is-config="true" signature="setup()[pri:0, instance:testCases.TC_002_LoginPageTest@ee86bcb]" started-at="2024-09-01T11:33:22 IST" name="setup" finished-at="2024-09-01T11:33:24 IST" duration-ms="1982" status="PASS">
          <reporter-output>
          </reporter-output>
        </test-method> <!-- setup -->
        <test-method signature="verifyLoginWithValidCredentials(java.lang.String,java.lang.String)[pri:1, instance:testCases.TC_002_LoginPageTest@ee86bcb]" started-at="2024-09-01T11:33:24 IST" name="verifyLoginWithValidCredentials" data-provider="supplyTestData" finished-at="2024-09-01T11:33:25 IST" duration-ms="753" status="PASS">
          <params>
            <param index="0">
              <value>
                <![CDATA[kalyanadmin@gmail.com]]>
              </value>
            </param>
            <param index="1">
              <value>
                <![CDATA[12345]]>
              </value>
            </param>
          </params>
          <reporter-output>
          </reporter-output>
        </test-method> <!-- verifyLoginWithValidCredentials -->
        <test-method is-config="true" signature="teardown()[pri:0, instance:testCases.TC_002_LoginPageTest@ee86bcb]" started-at="2024-09-01T11:33:25 IST" name="teardown" finished-at="2024-09-01T11:33:25 IST" duration-ms="157" status="PASS">
          <reporter-output>
          </reporter-output>
        </test-method> <!-- teardown -->
        <test-method is-config="true" signature="setup()[pri:0, instance:testCases.TC_002_LoginPageTest@ee86bcb]" started-at="2024-09-01T11:33:25 IST" name="setup" finished-at="2024-09-01T11:33:27 IST" duration-ms="1993" status="PASS">
          <reporter-output>
          </reporter-output>
        </test-method> <!-- setup -->
        <test-method signature="verifyLoginWithValidCredentials(java.lang.String,java.lang.String)[pri:1, instance:testCases.TC_002_LoginPageTest@ee86bcb]" started-at="2024-09-01T11:33:27 IST" name="verifyLoginWithValidCredentials" data-provider="supplyTestData" finished-at="2024-09-01T11:33:28 IST" duration-ms="764" status="PASS">
          <params>
            <param index="0">
              <value>
                <![CDATA[shashankadmin@gmail.com]]>
              </value>
            </param>
            <param index="1">
              <value>
                <![CDATA[12345]]>
              </value>
            </param>
          </params>
          <reporter-output>
          </reporter-output>
        </test-method> <!-- verifyLoginWithValidCredentials -->
        <test-method is-config="true" signature="teardown()[pri:0, instance:testCases.TC_002_LoginPageTest@ee86bcb]" started-at="2024-09-01T11:33:28 IST" name="teardown" finished-at="2024-09-01T11:33:28 IST" duration-ms="124" status="PASS">
          <reporter-output>
          </reporter-output>
        </test-method> <!-- teardown -->
        <test-method is-config="true" signature="setup()[pri:0, instance:testCases.TC_002_LoginPageTest@ee86bcb]" started-at="2024-09-01T11:33:28 IST" name="setup" finished-at="2024-09-01T11:33:30 IST" duration-ms="2023" status="PASS">
          <reporter-output>
          </reporter-output>
        </test-method> <!-- setup -->
        <test-method signature="veriifyLoginWithInValidCredentials()[pri:2, instance:testCases.TC_002_LoginPageTest@ee86bcb]" started-at="2024-09-01T11:33:30 IST" name="veriifyLoginWithInValidCredentials" finished-at="2024-09-01T11:33:31 IST" duration-ms="739" status="PASS">
          <reporter-output>
          </reporter-output>
        </test-method> <!-- veriifyLoginWithInValidCredentials -->
        <test-method is-config="true" signature="teardown()[pri:0, instance:testCases.TC_002_LoginPageTest@ee86bcb]" started-at="2024-09-01T11:33:31 IST" name="teardown" finished-at="2024-09-01T11:33:31 IST" duration-ms="139" status="PASS">
          <reporter-output>
          </reporter-output>
        </test-method> <!-- teardown -->
        <test-method is-config="true" signature="setup()[pri:0, instance:testCases.TC_002_LoginPageTest@ee86bcb]" started-at="2024-09-01T11:33:31 IST" name="setup" finished-at="2024-09-01T11:33:33 IST" duration-ms="2003" status="PASS">
          <reporter-output>
          </reporter-output>
        </test-method> <!-- setup -->
        <test-method signature="verifyInvalidEmailAddressValidPasswordCredentials()[pri:3, instance:testCases.TC_002_LoginPageTest@ee86bcb]" started-at="2024-09-01T11:33:33 IST" name="verifyInvalidEmailAddressValidPasswordCredentials" finished-at="2024-09-01T11:33:34 IST" duration-ms="721" status="PASS">
          <reporter-output>
          </reporter-output>
        </test-method> <!-- verifyInvalidEmailAddressValidPasswordCredentials -->
        <test-method is-config="true" signature="teardown()[pri:0, instance:testCases.TC_002_LoginPageTest@ee86bcb]" started-at="2024-09-01T11:33:34 IST" name="teardown" finished-at="2024-09-01T11:33:34 IST" duration-ms="130" status="PASS">
          <reporter-output>
          </reporter-output>
        </test-method> <!-- teardown -->
        <test-method is-config="true" signature="setup()[pri:0, instance:testCases.TC_002_LoginPageTest@ee86bcb]" started-at="2024-09-01T11:33:34 IST" name="setup" finished-at="2024-09-01T11:33:36 IST" duration-ms="1979" status="PASS">
          <reporter-output>
          </reporter-output>
        </test-method> <!-- setup -->
        <test-method signature="VerifyValidEmailAddressInvalidPassword()[pri:4, instance:testCases.TC_002_LoginPageTest@ee86bcb]" started-at="2024-09-01T11:33:36 IST" name="VerifyValidEmailAddressInvalidPassword" finished-at="2024-09-01T11:33:37 IST" duration-ms="652" status="PASS">
          <reporter-output>
          </reporter-output>
        </test-method> <!-- VerifyValidEmailAddressInvalidPassword -->
        <test-method is-config="true" signature="teardown()[pri:0, instance:testCases.TC_002_LoginPageTest@ee86bcb]" started-at="2024-09-01T11:33:37 IST" name="teardown" finished-at="2024-09-01T11:33:37 IST" duration-ms="146" status="PASS">
          <reporter-output>
          </reporter-output>
        </test-method> <!-- teardown -->
        <test-method is-config="true" signature="setup()[pri:0, instance:testCases.TC_002_LoginPageTest@ee86bcb]" started-at="2024-09-01T11:33:37 IST" name="setup" finished-at="2024-09-01T11:33:39 IST" duration-ms="1983" status="PASS">
          <reporter-output>
          </reporter-output>
        </test-method> <!-- setup -->
        <test-method signature="VerifyLoginWithoutProvidingCredentials()[pri:5, instance:testCases.TC_002_LoginPageTest@ee86bcb]" started-at="2024-09-01T11:33:39 IST" name="VerifyLoginWithoutProvidingCredentials" finished-at="2024-09-01T11:33:39 IST" duration-ms="456" status="PASS">
          <reporter-output>
          </reporter-output>
        </test-method> <!-- VerifyLoginWithoutProvidingCredentials -->
        <test-method is-config="true" signature="teardown()[pri:0, instance:testCases.TC_002_LoginPageTest@ee86bcb]" started-at="2024-09-01T11:33:39 IST" name="teardown" finished-at="2024-09-01T11:33:39 IST" duration-ms="139" status="PASS">
          <reporter-output>
          </reporter-output>
        </test-method> <!-- teardown -->
      </class> <!-- testCases.TC_002_LoginPageTest -->
      <class name="testCases.TC_003_SearchTest">
        <test-method is-config="true" signature="setup()[pri:0, instance:testCases.TC_003_SearchTest@31c7528f]" started-at="2024-09-01T11:32:58 IST" name="setup" finished-at="2024-09-01T11:33:01 IST" duration-ms="2294" status="PASS">
          <reporter-output>
          </reporter-output>
        </test-method> <!-- setup -->
        <test-method signature="verifySearchWithValidProduct()[pri:1, instance:testCases.TC_003_SearchTest@31c7528f]" started-at="2024-09-01T11:33:01 IST" name="verifySearchWithValidProduct" finished-at="2024-09-01T11:33:01 IST" duration-ms="413" status="PASS">
          <reporter-output>
          </reporter-output>
        </test-method> <!-- verifySearchWithValidProduct -->
        <test-method is-config="true" signature="teardown()[pri:0, instance:testCases.TC_003_SearchTest@31c7528f]" started-at="2024-09-01T11:33:01 IST" name="teardown" finished-at="2024-09-01T11:33:01 IST" duration-ms="129" status="PASS">
          <reporter-output>
          </reporter-output>
        </test-method> <!-- teardown -->
        <test-method is-config="true" signature="setup()[pri:0, instance:testCases.TC_003_SearchTest@31c7528f]" started-at="2024-09-01T11:33:01 IST" name="setup" finished-at="2024-09-01T11:33:03 IST" duration-ms="1686" status="PASS">
          <reporter-output>
          </reporter-output>
        </test-method> <!-- setup -->
        <test-method signature="VerifySearchWithInValidProduct()[pri:2, instance:testCases.TC_003_SearchTest@31c7528f]" started-at="2024-09-01T11:33:03 IST" name="VerifySearchWithInValidProduct" finished-at="2024-09-01T11:33:03 IST" duration-ms="518" status="PASS">
          <reporter-output>
          </reporter-output>
        </test-method> <!-- VerifySearchWithInValidProduct -->
        <test-method is-config="true" signature="teardown()[pri:0, instance:testCases.TC_003_SearchTest@31c7528f]" started-at="2024-09-01T11:33:03 IST" name="teardown" finished-at="2024-09-01T11:33:03 IST" duration-ms="141" status="PASS">
          <reporter-output>
          </reporter-output>
        </test-method> <!-- teardown -->
        <test-method is-config="true" signature="setup()[pri:0, instance:testCases.TC_003_SearchTest@31c7528f]" started-at="2024-09-01T11:33:03 IST" name="setup" finished-at="2024-09-01T11:33:05 IST" duration-ms="1673" status="PASS">
          <reporter-output>
          </reporter-output>
        </test-method> <!-- setup -->
        <test-method signature="verifySearchWithoutAnyProduct()[pri:3, instance:testCases.TC_003_SearchTest@31c7528f]" started-at="2024-09-01T11:33:05 IST" name="verifySearchWithoutAnyProduct" finished-at="2024-09-01T11:33:06 IST" depends-on-methods="testCases.TC_003_SearchTest.verifySearchWithValidProduct, testCases.TC_003_SearchTest.VerifySearchWithInValidProduct" duration-ms="439" status="PASS">
          <reporter-output>
          </reporter-output>
        </test-method> <!-- verifySearchWithoutAnyProduct -->
        <test-method is-config="true" signature="teardown()[pri:0, instance:testCases.TC_003_SearchTest@31c7528f]" started-at="2024-09-01T11:33:06 IST" name="teardown" finished-at="2024-09-01T11:33:06 IST" duration-ms="127" status="PASS">
          <reporter-output>
          </reporter-output>
        </test-method> <!-- teardown -->
      </class> <!-- testCases.TC_003_SearchTest -->
    </test> <!-- Test -->
  </suite> <!-- Suite -->
</testng-results>
