<?xml version="1.0" encoding="UTF-8"?>
<testng-results ignored="0" total="14" passed="14" failed="0" skipped="0">
  <reporter-output>
  </reporter-output>
  <suite started-at="2024-10-01T16:13:33 IST" name="Suite" finished-at="2024-10-01T16:14:18 IST" duration-ms="44935">
    <groups>
    </groups>
    <test started-at="2024-10-01T16:13:33 IST" name="Linux-chrome" finished-at="2024-10-01T16:14:18 IST" duration-ms="44935">
      <class name="testCases.TC_001_AccountRegistrationTest">
        <test-method is-config="true" signature="setup()[pri:0, instance:testCases.TC_001_AccountRegistrationTest@6c8bca63]" started-at="2024-10-01T16:13:42 IST" name="setup" finished-at="2024-10-01T16:13:44 IST" duration-ms="2164" status="PASS">
          <reporter-output>
          </reporter-output>
        </test-method> <!-- setup -->
        <test-method signature="verifyRegisterAnAccountWithMandatoryFields()[pri:1, instance:testCases.TC_001_AccountRegistrationTest@6c8bca63]" started-at="2024-10-01T16:13:44 IST" name="verifyRegisterAnAccountWithMandatoryFields" finished-at="2024-10-01T16:13:45 IST" duration-ms="1492" status="PASS">
          <reporter-output>
          </reporter-output>
        </test-method> <!-- verifyRegisterAnAccountWithMandatoryFields -->
        <test-method is-config="true" signature="teardown()[pri:0, instance:testCases.TC_001_AccountRegistrationTest@6c8bca63]" started-at="2024-10-01T16:13:45 IST" name="teardown" finished-at="2024-10-01T16:13:46 IST" duration-ms="167" status="PASS">
          <reporter-output>
          </reporter-output>
        </test-method> <!-- teardown -->
        <test-method is-config="true" signature="setup()[pri:0, instance:testCases.TC_001_AccountRegistrationTest@6c8bca63]" started-at="2024-10-01T16:13:46 IST" name="setup" finished-at="2024-10-01T16:13:48 IST" duration-ms="2104" status="PASS">
          <reporter-output>
          </reporter-output>
        </test-method> <!-- setup -->
        <test-method signature="verifyRegisteringAccountWithAllTheFields()[pri:2, instance:testCases.TC_001_AccountRegistrationTest@6c8bca63]" started-at="2024-10-01T16:13:48 IST" name="verifyRegisteringAccountWithAllTheFields" finished-at="2024-10-01T16:13:49 IST" duration-ms="1592" status="PASS">
          <reporter-output>
          </reporter-output>
        </test-method> <!-- verifyRegisteringAccountWithAllTheFields -->
        <test-method is-config="true" signature="teardown()[pri:0, instance:testCases.TC_001_AccountRegistrationTest@6c8bca63]" started-at="2024-10-01T16:13:49 IST" name="teardown" finished-at="2024-10-01T16:13:49 IST" duration-ms="177" status="PASS">
          <reporter-output>
          </reporter-output>
        </test-method> <!-- teardown -->
        <test-method is-config="true" signature="setup()[pri:0, instance:testCases.TC_001_AccountRegistrationTest@6c8bca63]" started-at="2024-10-01T16:13:49 IST" name="setup" finished-at="2024-10-01T16:13:52 IST" duration-ms="2241" status="PASS">
          <reporter-output>
          </reporter-output>
        </test-method> <!-- setup -->
        <test-method signature="verifyRegisteringAccountWithExistingEmailAddress()[pri:3, instance:testCases.TC_001_AccountRegistrationTest@6c8bca63]" started-at="2024-10-01T16:13:52 IST" name="verifyRegisteringAccountWithExistingEmailAddress" finished-at="2024-10-01T16:13:53 IST" duration-ms="1206" status="PASS">
          <reporter-output>
          </reporter-output>
        </test-method> <!-- verifyRegisteringAccountWithExistingEmailAddress -->
        <test-method is-config="true" signature="teardown()[pri:0, instance:testCases.TC_001_AccountRegistrationTest@6c8bca63]" started-at="2024-10-01T16:13:53 IST" name="teardown" finished-at="2024-10-01T16:13:53 IST" duration-ms="165" status="PASS">
          <reporter-output>
          </reporter-output>
        </test-method> <!-- teardown -->
        <test-method is-config="true" signature="setup()[pri:0, instance:testCases.TC_001_AccountRegistrationTest@6c8bca63]" started-at="2024-10-01T16:13:53 IST" name="setup" finished-at="2024-10-01T16:13:56 IST" duration-ms="2550" status="PASS">
          <reporter-output>
          </reporter-output>
        </test-method> <!-- setup -->
        <test-method signature="verifyRegisteringAccountWithoutFillingAnyDetails()[pri:4, instance:testCases.TC_001_AccountRegistrationTest@6c8bca63]" started-at="2024-10-01T16:13:56 IST" name="verifyRegisteringAccountWithoutFillingAnyDetails" finished-at="2024-10-01T16:13:56 IST" duration-ms="554" status="PASS">
          <reporter-output>
          </reporter-output>
        </test-method> <!-- verifyRegisteringAccountWithoutFillingAnyDetails -->
        <test-method is-config="true" signature="teardown()[pri:0, instance:testCases.TC_001_AccountRegistrationTest@6c8bca63]" started-at="2024-10-01T16:13:56 IST" name="teardown" finished-at="2024-10-01T16:13:56 IST" duration-ms="182" status="PASS">
          <reporter-output>
          </reporter-output>
        </test-method> <!-- teardown -->
      </class> <!-- testCases.TC_001_AccountRegistrationTest -->
      <class name="testCases.TC_002_LoginPageTest">
        <test-method is-config="true" signature="setup()[pri:0, instance:testCases.TC_002_LoginPageTest@2364305a]" started-at="2024-10-01T16:13:57 IST" name="setup" finished-at="2024-10-01T16:13:59 IST" duration-ms="2286" status="PASS">
          <reporter-output>
          </reporter-output>
        </test-method> <!-- setup -->
        <test-method signature="verifyLoginWithValidCredentials(java.lang.String,java.lang.String)[pri:1, instance:testCases.TC_002_LoginPageTest@2364305a]" started-at="2024-10-01T16:13:59 IST" name="verifyLoginWithValidCredentials" data-provider="supplyTestData" finished-at="2024-10-01T16:14:00 IST" duration-ms="855" status="PASS">
          <params>
            <param index="0">
              <value>
                <![CDATA[kalyanshaan@gmail.com]]>
              </value>
            </param>
            <param index="1">
              <value>
                <![CDATA[12345]]>
              </value>
            </param>
          </params>
          <reporter-output>
          </reporter-output>
        </test-method> <!-- verifyLoginWithValidCredentials -->
        <test-method is-config="true" signature="teardown()[pri:0, instance:testCases.TC_002_LoginPageTest@2364305a]" started-at="2024-10-01T16:14:00 IST" name="teardown" finished-at="2024-10-01T16:14:00 IST" duration-ms="133" status="PASS">
          <reporter-output>
          </reporter-output>
        </test-method> <!-- teardown -->
        <test-method is-config="true" signature="setup()[pri:0, instance:testCases.TC_002_LoginPageTest@2364305a]" started-at="2024-10-01T16:14:00 IST" name="setup" finished-at="2024-10-01T16:14:03 IST" duration-ms="2048" status="PASS">
          <reporter-output>
          </reporter-output>
        </test-method> <!-- setup -->
        <test-method signature="verifyLoginWithValidCredentials(java.lang.String,java.lang.String)[pri:1, instance:testCases.TC_002_LoginPageTest@2364305a]" started-at="2024-10-01T16:14:03 IST" name="verifyLoginWithValidCredentials" data-provider="supplyTestData" finished-at="2024-10-01T16:14:03 IST" duration-ms="817" status="PASS">
          <params>
            <param index="0">
              <value>
                <![CDATA[kalyanadmin@gmail.com]]>
              </value>
            </param>
            <param index="1">
              <value>
                <![CDATA[12345]]>
              </value>
            </param>
          </params>
          <reporter-output>
          </reporter-output>
        </test-method> <!-- verifyLoginWithValidCredentials -->
        <test-method is-config="true" signature="teardown()[pri:0, instance:testCases.TC_002_LoginPageTest@2364305a]" started-at="2024-10-01T16:14:03 IST" name="teardown" finished-at="2024-10-01T16:14:04 IST" duration-ms="164" status="PASS">
          <reporter-output>
          </reporter-output>
        </test-method> <!-- teardown -->
        <test-method is-config="true" signature="setup()[pri:0, instance:testCases.TC_002_LoginPageTest@2364305a]" started-at="2024-10-01T16:14:04 IST" name="setup" finished-at="2024-10-01T16:14:06 IST" duration-ms="2067" status="PASS">
          <reporter-output>
          </reporter-output>
        </test-method> <!-- setup -->
        <test-method signature="verifyLoginWithValidCredentials(java.lang.String,java.lang.String)[pri:1, instance:testCases.TC_002_LoginPageTest@2364305a]" started-at="2024-10-01T16:14:06 IST" name="verifyLoginWithValidCredentials" data-provider="supplyTestData" finished-at="2024-10-01T16:14:06 IST" duration-ms="797" status="PASS">
          <params>
            <param index="0">
              <value>
                <![CDATA[shashankadmin@gmail.com]]>
              </value>
            </param>
            <param index="1">
              <value>
                <![CDATA[12345]]>
              </value>
            </param>
          </params>
          <reporter-output>
          </reporter-output>
        </test-method> <!-- verifyLoginWithValidCredentials -->
        <test-method is-config="true" signature="teardown()[pri:0, instance:testCases.TC_002_LoginPageTest@2364305a]" started-at="2024-10-01T16:14:06 IST" name="teardown" finished-at="2024-10-01T16:14:07 IST" duration-ms="167" status="PASS">
          <reporter-output>
          </reporter-output>
        </test-method> <!-- teardown -->
        <test-method is-config="true" signature="setup()[pri:0, instance:testCases.TC_002_LoginPageTest@2364305a]" started-at="2024-10-01T16:14:07 IST" name="setup" finished-at="2024-10-01T16:14:09 IST" duration-ms="2069" status="PASS">
          <reporter-output>
          </reporter-output>
        </test-method> <!-- setup -->
        <test-method signature="veriifyLoginWithInValidCredentials()[pri:2, instance:testCases.TC_002_LoginPageTest@2364305a]" started-at="2024-10-01T16:14:09 IST" name="veriifyLoginWithInValidCredentials" finished-at="2024-10-01T16:14:09 IST" duration-ms="673" status="PASS">
          <reporter-output>
          </reporter-output>
        </test-method> <!-- veriifyLoginWithInValidCredentials -->
        <test-method is-config="true" signature="teardown()[pri:0, instance:testCases.TC_002_LoginPageTest@2364305a]" started-at="2024-10-01T16:14:09 IST" name="teardown" finished-at="2024-10-01T16:14:09 IST" duration-ms="135" status="PASS">
          <reporter-output>
          </reporter-output>
        </test-method> <!-- teardown -->
        <test-method is-config="true" signature="setup()[pri:0, instance:testCases.TC_002_LoginPageTest@2364305a]" started-at="2024-10-01T16:14:09 IST" name="setup" finished-at="2024-10-01T16:14:11 IST" duration-ms="2018" status="PASS">
          <reporter-output>
          </reporter-output>
        </test-method> <!-- setup -->
        <test-method signature="verifyInvalidEmailAddressValidPasswordCredentials()[pri:3, instance:testCases.TC_002_LoginPageTest@2364305a]" started-at="2024-10-01T16:14:11 IST" name="verifyInvalidEmailAddressValidPasswordCredentials" finished-at="2024-10-01T16:14:12 IST" duration-ms="660" status="PASS">
          <reporter-output>
          </reporter-output>
        </test-method> <!-- verifyInvalidEmailAddressValidPasswordCredentials -->
        <test-method is-config="true" signature="teardown()[pri:0, instance:testCases.TC_002_LoginPageTest@2364305a]" started-at="2024-10-01T16:14:12 IST" name="teardown" finished-at="2024-10-01T16:14:12 IST" duration-ms="125" status="PASS">
          <reporter-output>
          </reporter-output>
        </test-method> <!-- teardown -->
        <test-method is-config="true" signature="setup()[pri:0, instance:testCases.TC_002_LoginPageTest@2364305a]" started-at="2024-10-01T16:14:12 IST" name="setup" finished-at="2024-10-01T16:14:14 IST" duration-ms="1965" status="PASS">
          <reporter-output>
          </reporter-output>
        </test-method> <!-- setup -->
        <test-method signature="VerifyValidEmailAddressInvalidPassword()[pri:4, instance:testCases.TC_002_LoginPageTest@2364305a]" started-at="2024-10-01T16:14:14 IST" name="VerifyValidEmailAddressInvalidPassword" finished-at="2024-10-01T16:14:15 IST" duration-ms="636" status="PASS">
          <reporter-output>
          </reporter-output>
        </test-method> <!-- VerifyValidEmailAddressInvalidPassword -->
        <test-method is-config="true" signature="teardown()[pri:0, instance:testCases.TC_002_LoginPageTest@2364305a]" started-at="2024-10-01T16:14:15 IST" name="teardown" finished-at="2024-10-01T16:14:15 IST" duration-ms="154" status="PASS">
          <reporter-output>
          </reporter-output>
        </test-method> <!-- teardown -->
        <test-method is-config="true" signature="setup()[pri:0, instance:testCases.TC_002_LoginPageTest@2364305a]" started-at="2024-10-01T16:14:15 IST" name="setup" finished-at="2024-10-01T16:14:17 IST" duration-ms="2125" status="PASS">
          <reporter-output>
          </reporter-output>
        </test-method> <!-- setup -->
        <test-method signature="VerifyLoginWithoutProvidingCredentials()[pri:5, instance:testCases.TC_002_LoginPageTest@2364305a]" started-at="2024-10-01T16:14:17 IST" name="VerifyLoginWithoutProvidingCredentials" finished-at="2024-10-01T16:14:18 IST" duration-ms="482" status="PASS">
          <reporter-output>
          </reporter-output>
        </test-method> <!-- VerifyLoginWithoutProvidingCredentials -->
        <test-method is-config="true" signature="teardown()[pri:0, instance:testCases.TC_002_LoginPageTest@2364305a]" started-at="2024-10-01T16:14:18 IST" name="teardown" finished-at="2024-10-01T16:14:18 IST" duration-ms="145" status="PASS">
          <reporter-output>
          </reporter-output>
        </test-method> <!-- teardown -->
      </class> <!-- testCases.TC_002_LoginPageTest -->
      <class name="testCases.TC_003_SearchTest">
        <test-method is-config="true" signature="setup()[pri:0, instance:testCases.TC_003_SearchTest@3234f74e]" started-at="2024-10-01T16:13:33 IST" name="setup" finished-at="2024-10-01T16:13:36 IST" duration-ms="3025" status="PASS">
          <reporter-output>
          </reporter-output>
        </test-method> <!-- setup -->
        <test-method signature="verifySearchWithValidProduct()[pri:1, instance:testCases.TC_003_SearchTest@3234f74e]" started-at="2024-10-01T16:13:36 IST" name="verifySearchWithValidProduct" finished-at="2024-10-01T16:13:37 IST" duration-ms="422" status="PASS">
          <reporter-output>
          </reporter-output>
        </test-method> <!-- verifySearchWithValidProduct -->
        <test-method is-config="true" signature="teardown()[pri:0, instance:testCases.TC_003_SearchTest@3234f74e]" started-at="2024-10-01T16:13:37 IST" name="teardown" finished-at="2024-10-01T16:13:37 IST" duration-ms="222" status="PASS">
          <reporter-output>
          </reporter-output>
        </test-method> <!-- teardown -->
        <test-method is-config="true" signature="setup()[pri:0, instance:testCases.TC_003_SearchTest@3234f74e]" started-at="2024-10-01T16:13:37 IST" name="setup" finished-at="2024-10-01T16:13:39 IST" duration-ms="1836" status="PASS">
          <reporter-output>
          </reporter-output>
        </test-method> <!-- setup -->
        <test-method signature="VerifySearchWithInValidProduct()[pri:2, instance:testCases.TC_003_SearchTest@3234f74e]" started-at="2024-10-01T16:13:39 IST" name="VerifySearchWithInValidProduct" finished-at="2024-10-01T16:13:39 IST" duration-ms="607" status="PASS">
          <reporter-output>
          </reporter-output>
        </test-method> <!-- VerifySearchWithInValidProduct -->
        <test-method is-config="true" signature="teardown()[pri:0, instance:testCases.TC_003_SearchTest@3234f74e]" started-at="2024-10-01T16:13:39 IST" name="teardown" finished-at="2024-10-01T16:13:39 IST" duration-ms="158" status="PASS">
          <reporter-output>
          </reporter-output>
        </test-method> <!-- teardown -->
        <test-method is-config="true" signature="setup()[pri:0, instance:testCases.TC_003_SearchTest@3234f74e]" started-at="2024-10-01T16:13:39 IST" name="setup" finished-at="2024-10-01T16:13:41 IST" duration-ms="1792" status="PASS">
          <reporter-output>
          </reporter-output>
        </test-method> <!-- setup -->
        <test-method signature="verifySearchWithoutAnyProduct()[pri:3, instance:testCases.TC_003_SearchTest@3234f74e]" started-at="2024-10-01T16:13:41 IST" name="verifySearchWithoutAnyProduct" finished-at="2024-10-01T16:13:42 IST" depends-on-methods="testCases.TC_003_SearchTest.verifySearchWithValidProduct, testCases.TC_003_SearchTest.VerifySearchWithInValidProduct" duration-ms="435" status="PASS">
          <reporter-output>
          </reporter-output>
        </test-method> <!-- verifySearchWithoutAnyProduct -->
        <test-method is-config="true" signature="teardown()[pri:0, instance:testCases.TC_003_SearchTest@3234f74e]" started-at="2024-10-01T16:13:42 IST" name="teardown" finished-at="2024-10-01T16:13:42 IST" duration-ms="163" status="PASS">
          <reporter-output>
          </reporter-output>
        </test-method> <!-- teardown -->
      </class> <!-- testCases.TC_003_SearchTest -->
    </test> <!-- Linux-chrome -->
  </suite> <!-- Suite -->
</testng-results>
